<?xml version='1.0' encoding='UTF-8'?>
<testsuite hostname="DESKTOP-HLBRMRJ" name="Problem2Test" tests="1" errors="0" failures="0" skipped="0" time="0.053" timestamp="2018-09-27T20:49:16">
                     <properties>
[...]
</properties>
                     <testcase classname="Problem2Test" name="specialDigit" time="0.053">
                                                 
                                               </testcase>
                     <system-out><![CDATA[]]></system-out>
                     <system-err><![CDATA[]]></system-err>
                   </testsuite>